<?xml version="1.0" encoding="UTF-8"?>
<coverage generated="1680028238084" clover="3.2.0">
  <project timestamp="1680028238085" name="All files">
    <metrics statements="15" coveredstatements="14" conditionals="6" coveredconditionals="4" methods="4" coveredmethods="4" elements="25" coveredelements="22" complexity="0" loc="15" ncloc="15" packages="1" files="1" classes="1"/>
    <file name="Roller.ts" path="/sandbox/src/Roller.ts">
      <metrics statements="15" coveredstatements="14" conditionals="6" coveredconditionals="4" methods="4" coveredmethods="4"/>
      <line num="1" count="1" type="stmt"/>
      <line num="10" count="5" type="cond" truecount="1" falsecount="0"/>
      <line num="11" count="1" type="stmt"/>
      <line num="12" count="4" type="cond" truecount="1" falsecount="1"/>
      <line num="13" count="4" type="stmt"/>
      <line num="14" count="4" type="stmt"/>
      <line num="15" count="26" type="stmt"/>
      <line num="17" count="4" type="stmt"/>
      <line num="31" count="8" type="cond" truecount="2" falsecount="1"/>
      <line num="32" count="0" type="stmt"/>
      <line num="34" count="8" type="stmt"/>
      <line num="35" count="8" type="stmt"/>
      <line num="36" count="8" type="stmt"/>
      <line num="42" count="2" type="stmt"/>
      <line num="51" count="2" type="stmt"/>
    </file>
  </project>
</coverage>
