{"/sandbox/src/Roller.ts": {"path":"/sandbox/src/Roller.ts","statementMap":{"0":{"start":{"line":10,"column":5},"end":{"line":11,"column":61}},"1":{"start":{"line":11,"column":3},"end":{"line":11,"column":61}},"2":{"start":{"line":12,"column":8},"end":{"line":12,"column":45}},"3":{"start":{"line":13,"column":8},"end":{"line":13,"column":55}},"4":{"start":{"line":14,"column":8},"end":{"line":16,"column":null}},"5":{"start":{"line":14,"column":21},"end":{"line":14,"column":22}},"6":{"start":{"line":15,"column":12},"end":{"line":15,"column":41}},"7":{"start":{"line":17,"column":8},"end":{"line":17,"column":23}},"8":{"start":{"line":31,"column":8},"end":{"line":33,"column":null}},"9":{"start":{"line":32,"column":12},"end":{"line":32,"column":21}},"10":{"start":{"line":34,"column":8},"end":{"line":34,"column":27}},"11":{"start":{"line":35,"column":8},"end":{"line":35,"column":74}},"12":{"start":{"line":36,"column":8},"end":{"line":36,"column":21}},"13":{"start":{"line":42,"column":8},"end":{"line":42,"column":26}},"14":{"start":{"line":51,"column":8},"end":{"line":51,"column":59}},"15":{"start":{"line":1,"column":0},"end":{"line":1,"column":13}}},"fnMap":{"0":{"name":"(anonymous_0)","decl":{"start":{"line":9,"column":4},"end":{"line":9,"column":16}},"loc":{"start":{"line":9,"column":29},"end":{"line":18,"column":5}}},"1":{"name":"(anonymous_1)","decl":{"start":{"line":30,"column":4},"end":{"line":30,"column":8}},"loc":{"start":{"line":30,"column":22},"end":{"line":37,"column":5}}},"2":{"name":"(anonymous_2)","decl":{"start":{"line":41,"column":4},"end":{"line":41,"column":8}},"loc":{"start":{"line":41,"column":8},"end":{"line":43,"column":5}}},"3":{"name":"(anonymous_3)","decl":{"start":{"line":50,"column":4},"end":{"line":50,"column":16}},"loc":{"start":{"line":50,"column":16},"end":{"line":52,"column":5}}}},"branchMap":{"0":{"loc":{"start":{"line":10,"column":5},"end":{"line":11,"column":61}},"type":"if","locations":[{"start":{"line":10,"column":5},"end":{"line":11,"column":61}}]},"1":{"loc":{"start":{"line":12,"column":22},"end":{"line":12,"column":44}},"type":"cond-expr","locations":[{"start":{"line":12,"column":35},"end":{"line":12,"column":40}},{"start":{"line":12,"column":43},"end":{"line":12,"column":44}}]},"2":{"loc":{"start":{"line":31,"column":8},"end":{"line":33,"column":null}},"type":"if","locations":[{"start":{"line":31,"column":8},"end":{"line":33,"column":null}}]},"3":{"loc":{"start":{"line":31,"column":12},"end":{"line":31,"column":44}},"type":"binary-expr","locations":[{"start":{"line":31,"column":12},"end":{"line":31,"column":21}},{"start":{"line":31,"column":25},"end":{"line":31,"column":44}}]}},"s":{"0":5,"1":1,"2":4,"3":4,"4":4,"5":4,"6":26,"7":4,"8":8,"9":0,"10":8,"11":8,"12":8,"13":2,"14":2,"15":1},"f":{"0":5,"1":8,"2":2,"3":2},"b":{"0":[1],"1":[4,0],"2":[0],"3":[8,8]}}
}
