{"/sandbox/src/Roller.ts": {"path":"/sandbox/src/Roller.ts","statementMap":{"0":{"start":{"line":10,"column":8},"end":{"line":10,"column":45}},"1":{"start":{"line":11,"column":8},"end":{"line":11,"column":55}},"2":{"start":{"line":12,"column":8},"end":{"line":14,"column":null}},"3":{"start":{"line":12,"column":21},"end":{"line":12,"column":22}},"4":{"start":{"line":13,"column":12},"end":{"line":13,"column":41}},"5":{"start":{"line":15,"column":8},"end":{"line":15,"column":23}},"6":{"start":{"line":29,"column":8},"end":{"line":31,"column":null}},"7":{"start":{"line":30,"column":12},"end":{"line":30,"column":21}},"8":{"start":{"line":32,"column":8},"end":{"line":32,"column":27}},"9":{"start":{"line":33,"column":8},"end":{"line":33,"column":74}},"10":{"start":{"line":34,"column":8},"end":{"line":34,"column":21}},"11":{"start":{"line":40,"column":8},"end":{"line":40,"column":26}},"12":{"start":{"line":49,"column":8},"end":{"line":49,"column":59}},"13":{"start":{"line":1,"column":0},"end":{"line":1,"column":13}}},"fnMap":{"0":{"name":"(anonymous_0)","decl":{"start":{"line":9,"column":4},"end":{"line":9,"column":16}},"loc":{"start":{"line":9,"column":29},"end":{"line":16,"column":5}}},"1":{"name":"(anonymous_1)","decl":{"start":{"line":28,"column":4},"end":{"line":28,"column":8}},"loc":{"start":{"line":28,"column":22},"end":{"line":35,"column":5}}},"2":{"name":"(anonymous_2)","decl":{"start":{"line":39,"column":4},"end":{"line":39,"column":8}},"loc":{"start":{"line":39,"column":8},"end":{"line":41,"column":5}}},"3":{"name":"(anonymous_3)","decl":{"start":{"line":48,"column":4},"end":{"line":48,"column":16}},"loc":{"start":{"line":48,"column":16},"end":{"line":50,"column":5}}}},"branchMap":{"0":{"loc":{"start":{"line":10,"column":22},"end":{"line":10,"column":44}},"type":"cond-expr","locations":[{"start":{"line":10,"column":35},"end":{"line":10,"column":40}},{"start":{"line":10,"column":43},"end":{"line":10,"column":44}}]},"1":{"loc":{"start":{"line":29,"column":8},"end":{"line":31,"column":null}},"type":"if","locations":[{"start":{"line":29,"column":8},"end":{"line":31,"column":null}}]},"2":{"loc":{"start":{"line":29,"column":12},"end":{"line":29,"column":44}},"type":"binary-expr","locations":[{"start":{"line":29,"column":12},"end":{"line":29,"column":21}},{"start":{"line":29,"column":25},"end":{"line":29,"column":44}}]}},"s":{"0":5,"1":5,"2":5,"3":5,"4":32,"5":5,"6":8,"7":0,"8":8,"9":8,"10":8,"11":2,"12":2,"13":1},"f":{"0":5,"1":8,"2":2,"3":2},"b":{"0":[4,1],"1":[0],"2":[8,8]}}
}
